<?xml version="1.0" encoding="UTF-8"?>
<!-- Generated by org.testng.reporters.JUnitReportReporter -->
<testsuite skipped="0" hostname="LAPTOP-NL7JJ34R" name="a2_bingTest.A1_BingTest" tests="1" failures="0" timestamp="2023-02-01T18:53:36 IST" time="4.419" errors="0">
  <testcase name="verifyGooglePage" time="4.419" classname="a2_bingTest.A1_BingTest"/>
  <system-out/>
</testsuite> <!-- a2_bingTest.A1_BingTest -->
