<?xml version="1.0" encoding="UTF-8"?>
<!-- Generated by org.testng.reporters.JUnitReportReporter -->
<testsuite skipped="0" hostname="LAPTOP-NL7JJ34R" name="a1_googleTest.A1_GoogleTest" tests="1" failures="0" timestamp="2023-02-01T18:53:36 IST" time="7.479" errors="0">
  <testcase name="verifyGooglePage" time="7.479" classname="a1_googleTest.A1_GoogleTest"/>
  <system-out/>
</testsuite> <!-- a1_googleTest.A1_GoogleTest -->
